<?xml version="1.0" encoding="UTF-8"?>
<testng-results ignored="0" total="2" passed="2" failed="0" skipped="0">
  <reporter-output>
  </reporter-output>
  <suite started-at="2024-10-27T12:09:36 IST" name="Master Suite" finished-at="2024-10-27T12:09:46 IST" duration-ms="9309">
    <groups>
      <group name="Master">
        <method signature="TC001_AccountRegistrationTest.verify_account_registration()[pri:0, instance:TestCases.TC001_AccountRegistrationTest@35e2d654]" name="verify_account_registration" class="TestCases.TC001_AccountRegistrationTest"/>
        <method signature="TC002_AccountLoginTest.verify_account_Login()[pri:0, instance:TestCases.TC002_AccountLoginTest@130d63be]" name="verify_account_Login" class="TestCases.TC002_AccountLoginTest"/>
      </group> <!-- Master -->
      <group name="Sanity">
        <method signature="TC002_AccountLoginTest.verify_account_Login()[pri:0, instance:TestCases.TC002_AccountLoginTest@130d63be]" name="verify_account_Login" class="TestCases.TC002_AccountLoginTest"/>
      </group> <!-- Sanity -->
      <group name="Regrression">
        <method signature="TC001_AccountRegistrationTest.verify_account_registration()[pri:0, instance:TestCases.TC001_AccountRegistrationTest@35e2d654]" name="verify_account_registration" class="TestCases.TC001_AccountRegistrationTest"/>
      </group> <!-- Regrression -->
    </groups>
    <test started-at="2024-10-27T12:09:36 IST" name="Test" finished-at="2024-10-27T12:09:46 IST" duration-ms="9309">
      <class name="TestCases.TC002_AccountLoginTest">
        <test-method is-config="true" signature="setup(java.lang.String,java.lang.String)[pri:0, instance:TestCases.TC002_AccountLoginTest@130d63be]" started-at="2024-10-27T12:09:42 IST" name="setup" finished-at="2024-10-27T12:09:44 IST" duration-ms="2696" status="PASS">
          <params>
            <param index="0">
              <value>
                <![CDATA[Windows]]>
              </value>
            </param>
            <param index="1">
              <value>
                <![CDATA[chrome]]>
              </value>
            </param>
          </params>
          <reporter-output>
          </reporter-output>
        </test-method> <!-- setup -->
        <test-method signature="verify_account_Login()[pri:0, instance:TestCases.TC002_AccountLoginTest@130d63be]" started-at="2024-10-27T12:09:44 IST" name="verify_account_Login" finished-at="2024-10-27T12:09:45 IST" duration-ms="1181" status="PASS">
          <reporter-output>
          </reporter-output>
        </test-method> <!-- verify_account_Login -->
        <test-method is-config="true" signature="tearDown()[pri:0, instance:TestCases.TC002_AccountLoginTest@130d63be]" started-at="2024-10-27T12:09:45 IST" name="tearDown" finished-at="2024-10-27T12:09:46 IST" duration-ms="92" status="PASS">
          <reporter-output>
          </reporter-output>
        </test-method> <!-- tearDown -->
      </class> <!-- TestCases.TC002_AccountLoginTest -->
      <class name="TestCases.TC001_AccountRegistrationTest">
        <test-method is-config="true" signature="setup(java.lang.String,java.lang.String)[pri:0, instance:TestCases.TC001_AccountRegistrationTest@35e2d654]" started-at="2024-10-27T12:09:36 IST" name="setup" finished-at="2024-10-27T12:09:40 IST" duration-ms="3223" status="PASS">
          <params>
            <param index="0">
              <value>
                <![CDATA[Windows]]>
              </value>
            </param>
            <param index="1">
              <value>
                <![CDATA[chrome]]>
              </value>
            </param>
          </params>
          <reporter-output>
          </reporter-output>
        </test-method> <!-- setup -->
        <test-method signature="verify_account_registration()[pri:0, instance:TestCases.TC001_AccountRegistrationTest@35e2d654]" started-at="2024-10-27T12:09:40 IST" name="verify_account_registration" finished-at="2024-10-27T12:09:41 IST" duration-ms="1852" status="PASS">
          <reporter-output>
          </reporter-output>
        </test-method> <!-- verify_account_registration -->
        <test-method is-config="true" signature="tearDown()[pri:0, instance:TestCases.TC001_AccountRegistrationTest@35e2d654]" started-at="2024-10-27T12:09:41 IST" name="tearDown" finished-at="2024-10-27T12:09:42 IST" duration-ms="125" status="PASS">
          <reporter-output>
          </reporter-output>
        </test-method> <!-- tearDown -->
      </class> <!-- TestCases.TC001_AccountRegistrationTest -->
    </test> <!-- Test -->
  </suite> <!-- Master Suite -->
</testng-results>
