<?xml version="1.0" encoding="UTF-8"?>
<testng-results ignored="0" total="2" passed="2" failed="0" skipped="0">
  <reporter-output>
  </reporter-output>
  <suite started-at="2024-10-23T11:24:51 IST" name="Master Suite" finished-at="2024-10-23T11:25:01 IST" duration-ms="9690">
    <groups>
      <group name="Master">
        <method signature="TC001_AccountRegistrationTest.verify_account_registration()[pri:0, instance:TestCases.TC001_AccountRegistrationTest@510f3d34]" name="verify_account_registration" class="TestCases.TC001_AccountRegistrationTest"/>
        <method signature="TC002_AccountLoginTest.verify_account_Login()[pri:0, instance:TestCases.TC002_AccountLoginTest@fa4c865]" name="verify_account_Login" class="TestCases.TC002_AccountLoginTest"/>
      </group> <!-- Master -->
      <group name="Sanity">
        <method signature="TC002_AccountLoginTest.verify_account_Login()[pri:0, instance:TestCases.TC002_AccountLoginTest@fa4c865]" name="verify_account_Login" class="TestCases.TC002_AccountLoginTest"/>
      </group> <!-- Sanity -->
      <group name="Regrression">
        <method signature="TC001_AccountRegistrationTest.verify_account_registration()[pri:0, instance:TestCases.TC001_AccountRegistrationTest@510f3d34]" name="verify_account_registration" class="TestCases.TC001_AccountRegistrationTest"/>
      </group> <!-- Regrression -->
    </groups>
    <test started-at="2024-10-23T11:24:51 IST" name="Test" finished-at="2024-10-23T11:25:01 IST" duration-ms="9690">
      <class name="TestCases.TC002_AccountLoginTest">
        <test-method is-config="true" signature="setup(java.lang.String,java.lang.String)[pri:0, instance:TestCases.TC002_AccountLoginTest@fa4c865]" started-at="2024-10-23T11:24:56 IST" name="setup" finished-at="2024-10-23T11:24:59 IST" duration-ms="2937" status="PASS">
          <params>
            <param index="0">
              <value>
                <![CDATA[Windows]]>
              </value>
            </param>
            <param index="1">
              <value>
                <![CDATA[chrome]]>
              </value>
            </param>
          </params>
          <reporter-output>
          </reporter-output>
        </test-method> <!-- setup -->
        <test-method signature="verify_account_Login()[pri:0, instance:TestCases.TC002_AccountLoginTest@fa4c865]" started-at="2024-10-23T11:24:59 IST" name="verify_account_Login" finished-at="2024-10-23T11:25:00 IST" duration-ms="1308" status="PASS">
          <reporter-output>
          </reporter-output>
        </test-method> <!-- verify_account_Login -->
        <test-method is-config="true" signature="tearDown()[pri:0, instance:TestCases.TC002_AccountLoginTest@fa4c865]" started-at="2024-10-23T11:25:00 IST" name="tearDown" finished-at="2024-10-23T11:25:01 IST" duration-ms="144" status="PASS">
          <reporter-output>
          </reporter-output>
        </test-method> <!-- tearDown -->
      </class> <!-- TestCases.TC002_AccountLoginTest -->
      <class name="TestCases.TC001_AccountRegistrationTest">
        <test-method is-config="true" signature="setup(java.lang.String,java.lang.String)[pri:0, instance:TestCases.TC001_AccountRegistrationTest@510f3d34]" started-at="2024-10-23T11:24:51 IST" name="setup" finished-at="2024-10-23T11:24:54 IST" duration-ms="3364" status="PASS">
          <params>
            <param index="0">
              <value>
                <![CDATA[Windows]]>
              </value>
            </param>
            <param index="1">
              <value>
                <![CDATA[chrome]]>
              </value>
            </param>
          </params>
          <reporter-output>
          </reporter-output>
        </test-method> <!-- setup -->
        <test-method signature="verify_account_registration()[pri:0, instance:TestCases.TC001_AccountRegistrationTest@510f3d34]" started-at="2024-10-23T11:24:54 IST" name="verify_account_registration" finished-at="2024-10-23T11:24:56 IST" duration-ms="1638" status="PASS">
          <reporter-output>
          </reporter-output>
        </test-method> <!-- verify_account_registration -->
        <test-method is-config="true" signature="tearDown()[pri:0, instance:TestCases.TC001_AccountRegistrationTest@510f3d34]" started-at="2024-10-23T11:24:56 IST" name="tearDown" finished-at="2024-10-23T11:24:56 IST" duration-ms="139" status="PASS">
          <reporter-output>
          </reporter-output>
        </test-method> <!-- tearDown -->
      </class> <!-- TestCases.TC001_AccountRegistrationTest -->
    </test> <!-- Test -->
  </suite> <!-- Master Suite -->
</testng-results>
